 ⚠ The "images.domains" configuration is deprecated. Please use "images.remotePatterns" configuration instead.
 ⨯ upstream image response failed for https://www.bookme.com.bd/admin/storage/images/AMxkhpbt5lk3CK6oGqAqupd9vbpEWndQFv1USfyc.jpg 404
 ⨯ upstream image response failed for https://www.bookme.com.bd/admin/storage/images/qzjBJxmw6haarm4BlozCWO9WrzHPjenCOqYY7Cj9.jpg 404
 ⨯ upstream image response failed for https://www.bookme.com.bd/admin/storage/images/HxkjX70WdUwda1cUa1f38aURgIXatnsJfWq7T9Fk.jpg 404
 ⨯ upstream image response failed for https://www.bookme.com.bd/admin/storage/images/tEjqjGRCxwlSROD6PrU5FfcGUPArLbnGnnLLF5C0.jpg 404
 ⨯ upstream image response failed for https://www.bookme.com.bd/admin/storage/property_images/zP65mQXyHcmIogX0P7yscvmFp9w2nZ2vS7bMMwco.jpg 404
 ⨯ upstream image response failed for https://www.bookme.com.bd/admin/storage/property_images/y24cwTlIqc8rKImGog6ort6HJWBNwJA6FwSfn7Fj.jpg 404
 ⨯ upstream image response failed for https://www.bookme.com.bd/admin/storage/carousel_images/06wkV1kLpckxQV08hS4g76jKgwFwsiTqa7C1ZXkN.jpg 404
[Error: "url" parameter is valid but upstream response is invalid] {
  statusCode: 404
}
 ⨯ upstream image response failed for https://www.bookme.com.bd/admin/storage/properties/Mqp40qFCFBUqyNA7GFB4GbReXblp2npNVgbB4GqF.jpg 404
[Error: "url" parameter is valid but upstream response is invalid] {
  statusCode: 404
}
 ⨯ upstream image response failed for https://www.bookme.com.bd/admin/storage/properties/J4HhnNKMExrv5gT4yU81KWG3A35DMxx2yuCMl1sF.jpg 404
[Error: "url" parameter is valid but upstream response is invalid] {
  statusCode: 404
}
 ⨯ upstream image response failed for https://www.bookme.com.bd/admin/storage/carousel_images/jLsiQw1kOdzweScc7B5UP2qc7BfdS2ZngEFx4ZqT.jpg 404
 ⨯ upstream image response failed for https://www.bookme.com.bd/admin/storage/properties/QmGSGWu7C7mKtYWOSutDZS9xZLPqh92bbROMe7iC.jpg 404
[Error: "url" parameter is valid but upstream response is invalid] {
  statusCode: 404
}
 ⨯ upstream image response failed for https://www.bookme.com.bd/admin/storage/properties/wctLg9ZQpOzNmSssNStt5XxXIBAmDwiSpI5cNnK8.jpg 404
[Error: "url" parameter is valid but upstream response is invalid] {
  statusCode: 404
}
[Error: "url" parameter is valid but upstream response is invalid] {
  statusCode: 404
}
 ⨯ upstream image response failed for https://www.bookme.com.bd/admin/storage/properties/BtgQ7SX58GnhZQemyEoPWv51FmQbMgMZ8qSOAQ71.jpg 404
[Error: "url" parameter is valid but upstream response is invalid] {
  statusCode: 404
}
 ⨯ upstream image response failed for https://www.bookme.com.bd/admin/storage/properties/8sxyjANBlP7KCx8jFAoFhhq7OLfvecOh5mWNPCfF.jpg 404
[Error: "url" parameter is valid but upstream response is invalid] {
  statusCode: 404
}
 ⨯ upstream image response failed for https://www.bookme.com.bd/admin/storage/properties/pwj9y6YGPjQPc5gU1E59mMsukAh4wJa4sqFoXyn3.jpg 404
[Error: "url" parameter is valid but upstream response is invalid] {
  statusCode: 404
}
 ⨯ upstream image response failed for https://www.bookme.com.bd/admin/storage/properties/DLVOrWWanhQrdUrWcBR3DHHiD38Mubgo4qACpPsV.jpg 404
[Error: "url" parameter is valid but upstream response is invalid] {
  statusCode: 404
}
 ⨯ upstream image response failed for https://www.bookme.com.bd/admin/storage/carousel_images/mexj1pXWAEigSPwBoSSB48UE6vCCEDC0QIsOPZ74.jpg 404
[Error: "url" parameter is valid but upstream response is invalid] {
  statusCode: 404
}
 ⨯ upstream image response failed for https://www.bookme.com.bd/admin/storage/properties/WaYuDSGfHc0quZHTTxgIFVV5ayiXoFSVyA2t4DJQ.jpg 404
[Error: "url" parameter is valid but upstream response is invalid] {
  statusCode: 404
}
 ⨯ upstream image response failed for https://www.bookme.com.bd/admin/storage/properties/kWBsGvtz9JMDrNocXz6QUTDyI06NDQou4wBGYUt9.jpg 404
[Error: "url" parameter is valid but upstream response is invalid] {
  statusCode: 404
}
 ⨯ upstream image response failed for https://www.bookme.com.bd/admin/storage/carousel_images/VUH0xCoor2Ye6YVw1G94yGFqjFTNhOFFuGQCZajQ.jpg 404
[Error: "url" parameter is valid but upstream response is invalid] {
  statusCode: 404
}
 ⨯ upstream image response failed for https://www.bookme.com.bd/admin/storage/carousel_images/f00iQGG6XLRMKUi4dVIjmtMWCxdRu4aRD1XNR9p3.jpg 404
[Error: "url" parameter is valid but upstream response is invalid] {
  statusCode: 404
}
 ⨯ upstream image response failed for https://www.bookme.com.bd/admin/storage/property_images/2QLUuOvEOKEtFxJX7zsp9VjmyAqkdd557WKfDfEE.jpg 404
[Error: "url" parameter is valid but upstream response is invalid] {
  statusCode: 404
}
 ⨯ upstream image response failed for https://www.bookme.com.bd/admin/storage/images/qzjBJxmw6haarm4BlozCWO9WrzHPjenCOqYY7Cj9.jpg 404
 ⨯ upstream image response failed for https://www.bookme.com.bd/admin/storage/images/HxkjX70WdUwda1cUa1f38aURgIXatnsJfWq7T9Fk.jpg 404
 ⨯ upstream image response failed for https://www.bookme.com.bd/admin/storage/images/AMxkhpbt5lk3CK6oGqAqupd9vbpEWndQFv1USfyc.jpg 404
 ⨯ upstream image response failed for https://www.bookme.com.bd/admin/storage/images/tEjqjGRCxwlSROD6PrU5FfcGUPArLbnGnnLLF5C0.jpg 404
 ⨯ upstream image response failed for https://www.bookme.com.bd/admin/storage/property_images/zP65mQXyHcmIogX0P7yscvmFp9w2nZ2vS7bMMwco.jpg 404
 ⨯ upstream image response failed for https://www.bookme.com.bd/admin/storage/property_images/y24cwTlIqc8rKImGog6ort6HJWBNwJA6FwSfn7Fj.jpg 404
 ⨯ upstream image response failed for https://www.bookme.com.bd/admin/storage/properties/QmGSGWu7C7mKtYWOSutDZS9xZLPqh92bbROMe7iC.jpg 404
[Error: "url" parameter is valid but upstream response is invalid] {
  statusCode: 404
}
 ⨯ upstream image response failed for https://www.bookme.com.bd/admin/storage/property_images/2QLUuOvEOKEtFxJX7zsp9VjmyAqkdd557WKfDfEE.jpg 404
[Error: "url" parameter is valid but upstream response is invalid] {
  statusCode: 404
}
 ⨯ upstream image response failed for https://www.bookme.com.bd/admin/storage/properties/QmGSGWu7C7mKtYWOSutDZS9xZLPqh92bbROMe7iC.jpg 404
[Error: "url" parameter is valid but upstream response is invalid] {
  statusCode: 404
}
 ⨯ upstream image response failed for https://www.bookme.com.bd/admin/storage/property_images/2QLUuOvEOKEtFxJX7zsp9VjmyAqkdd557WKfDfEE.jpg 404
[Error: "url" parameter is valid but upstream response is invalid] {
  statusCode: 404
}
 ⨯ upstream image response failed for https://www.bookme.com.bd/admin/storage/properties/QmGSGWu7C7mKtYWOSutDZS9xZLPqh92bbROMe7iC.jpg 404
[Error: "url" parameter is valid but upstream response is invalid] {
  statusCode: 404
}
 ⨯ upstream image response failed for https://www.bookme.com.bd/admin/storage/properties/omsBY8iZYbGxFyKP602NlKcn8mKEJoH32am0fZwh.jpg 404
 ⨯ upstream image response failed for https://www.bookme.com.bd/admin/storage/property_images/m2yn7Q6xLkx1vSX1i7NknbbfPiPAuN8zfXP2XZMI.jpg 404
 ⨯ upstream image response failed for https://www.bookme.com.bd/admin/storage/properties/omsBY8iZYbGxFyKP602NlKcn8mKEJoH32am0fZwh.jpg 404
 ⨯ upstream image response failed for https://www.bookme.com.bd/admin/storage/properties/omsBY8iZYbGxFyKP602NlKcn8mKEJoH32am0fZwh.jpg 404
 ⨯ upstream image response failed for https://www.bookme.com.bd/admin/storage/properties/omsBY8iZYbGxFyKP602NlKcn8mKEJoH32am0fZwh.jpg 404
 ⨯ upstream image response failed for https://www.bookme.com.bd/admin/storage/properties/QmGSGWu7C7mKtYWOSutDZS9xZLPqh92bbROMe7iC.jpg 404
 ⨯ upstream image response failed for https://www.bookme.com.bd/admin/storage/properties/QmGSGWu7C7mKtYWOSutDZS9xZLPqh92bbROMe7iC.jpg 404
 ⨯ upstream image response failed for https://www.bookme.com.bd/admin/storage/properties/QmGSGWu7C7mKtYWOSutDZS9xZLPqh92bbROMe7iC.jpg 404
[Error: "url" parameter is valid but upstream response is invalid] {
  statusCode: 404
}
 ⨯ upstream image response failed for https://www.bookme.com.bd/admin/storage/property_images/2QLUuOvEOKEtFxJX7zsp9VjmyAqkdd557WKfDfEE.jpg 404
[Error: "url" parameter is valid but upstream response is invalid] {
  statusCode: 404
}
 ⨯ upstream image response failed for https://www.bookme.com.bd/admin/storage/properties/QmGSGWu7C7mKtYWOSutDZS9xZLPqh92bbROMe7iC.jpg 404
 ⨯ upstream image response failed for https://www.bookme.com.bd/admin/storage/properties/QmGSGWu7C7mKtYWOSutDZS9xZLPqh92bbROMe7iC.jpg 404
 ⨯ ReferenceError: window is not defined
    at tI (.next/server/app/Property/[id]/page.js:2:25518) {
  digest: '3959366262'
}
 ⨯ upstream image response failed for https://www.bookme.com.bd/admin/storage/properties/QmGSGWu7C7mKtYWOSutDZS9xZLPqh92bbROMe7iC.jpg 404
 ⨯ upstream image response failed for https://www.bookme.com.bd/admin/storage/properties/QmGSGWu7C7mKtYWOSutDZS9xZLPqh92bbROMe7iC.jpg 404
 ⨯ upstream image response failed for https://www.bookme.com.bd/admin/storage/properties/QmGSGWu7C7mKtYWOSutDZS9xZLPqh92bbROMe7iC.jpg 404
 ⨯ upstream image response failed for https://www.bookme.com.bd/admin/storage/properties/QmGSGWu7C7mKtYWOSutDZS9xZLPqh92bbROMe7iC.jpg 404
[Error: "url" parameter is valid but upstream response is invalid] {
  statusCode: 404
}
 ⨯ upstream image response failed for https://www.bookme.com.bd/admin/storage/properties/QmGSGWu7C7mKtYWOSutDZS9xZLPqh92bbROMe7iC.jpg 404
 ⨯ upstream image response failed for https://www.bookme.com.bd/admin/storage/property_images/2QLUuOvEOKEtFxJX7zsp9VjmyAqkdd557WKfDfEE.jpg 404
[Error: "url" parameter is valid but upstream response is invalid] {
  statusCode: 404
}
 ⨯ ReferenceError: window is not defined
    at tI (.next/server/app/Property/[id]/page.js:2:25518) {
  digest: '3959366262'
}
 ⨯ upstream image response failed for https://www.bookme.com.bd/admin/storage/properties/QmGSGWu7C7mKtYWOSutDZS9xZLPqh92bbROMe7iC.jpg 404
[Error: "url" parameter is valid but upstream response is invalid] {
  statusCode: 404
}
 ⨯ upstream image response failed for https://www.bookme.com.bd/admin/storage/properties/QmGSGWu7C7mKtYWOSutDZS9xZLPqh92bbROMe7iC.jpg 404
 ⨯ upstream image response failed for https://www.bookme.com.bd/admin/storage/properties/QmGSGWu7C7mKtYWOSutDZS9xZLPqh92bbROMe7iC.jpg 404
 ⨯ upstream image response failed for https://www.bookme.com.bd/admin/storage/properties/QmGSGWu7C7mKtYWOSutDZS9xZLPqh92bbROMe7iC.jpg 404
[Error: "url" parameter is valid but upstream response is invalid] {
  statusCode: 404
}
 ⨯ upstream image response failed for https://www.bookme.com.bd/admin/storage/property_images/2QLUuOvEOKEtFxJX7zsp9VjmyAqkdd557WKfDfEE.jpg 404
[Error: "url" parameter is valid but upstream response is invalid] {
  statusCode: 404
}
 ⨯ ReferenceError: window is not defined
    at tI (.next/server/app/Property/[id]/page.js:2:25518) {
  digest: '3959366262'
}
 ⨯ ReferenceError: window is not defined
    at tI (.next/server/app/Property/[id]/page.js:2:25518) {
  digest: '3959366262'
}
 ⨯ ReferenceError: window is not defined
    at tI (.next/server/app/Property/[id]/page.js:2:25518) {
  digest: '3959366262'
}
 ⨯ ReferenceError: window is not defined
    at tI (.next/server/app/Property/[id]/page.js:2:25518) {
  digest: '3959366262'
}
 ⨯ ReferenceError: window is not defined
    at tI (.next/server/app/Property/[id]/page.js:2:25518) {
  digest: '3959366262'
}
 ⨯ ReferenceError: window is not defined
    at tI (.next/server/app/Property/[id]/page.js:2:25518) {
  digest: '3959366262'
}
 ⨯ ReferenceError: window is not defined
    at tI (.next/server/app/Property/[id]/page.js:2:25518) {
  digest: '3959366262'
}
 ⨯ ReferenceError: window is not defined
    at tI (.next/server/app/Property/[id]/page.js:2:25518) {
  digest: '3959366262'
}
 ⨯ upstream image response failed for https://www.bookme.com.bd/admin/storage/properties/QmGSGWu7C7mKtYWOSutDZS9xZLPqh92bbROMe7iC.jpg 404
 ⨯ upstream image response failed for https://www.bookme.com.bd/admin/storage/property_images/2QLUuOvEOKEtFxJX7zsp9VjmyAqkdd557WKfDfEE.jpg 404
[Error: "url" parameter is valid but upstream response is invalid] {
  statusCode: 404
}
 ⨯ ReferenceError: window is not defined
    at tI (.next/server/app/Property/[id]/page.js:2:25518) {
  digest: '3959366262'
}
 ⨯ upstream image response failed for https://www.bookme.com.bd/admin/storage/properties/QmGSGWu7C7mKtYWOSutDZS9xZLPqh92bbROMe7iC.jpg 404
[Error: "url" parameter is valid but upstream response is invalid] {
  statusCode: 404
}
 ⨯ upstream image response failed for https://www.bookme.com.bd/admin/storage/properties/QmGSGWu7C7mKtYWOSutDZS9xZLPqh92bbROMe7iC.jpg 404
 ⨯ upstream image response failed for https://www.bookme.com.bd/admin/storage/properties/QmGSGWu7C7mKtYWOSutDZS9xZLPqh92bbROMe7iC.jpg 404
 ⨯ upstream image response failed for https://www.bookme.com.bd/admin/storage/property_images/2QLUuOvEOKEtFxJX7zsp9VjmyAqkdd557WKfDfEE.jpg 404
[Error: "url" parameter is valid but upstream response is invalid] {
  statusCode: 404
}
 ⨯ upstream image response failed for https://www.bookme.com.bd/admin/storage/properties/QmGSGWu7C7mKtYWOSutDZS9xZLPqh92bbROMe7iC.jpg 404
[Error: "url" parameter is valid but upstream response is invalid] {
  statusCode: 404
}
 ⨯ upstream image response failed for https://www.bookme.com.bd/admin/storage/properties/omsBY8iZYbGxFyKP602NlKcn8mKEJoH32am0fZwh.jpg 404
 ⨯ upstream image response failed for https://www.bookme.com.bd/admin/storage/properties/omsBY8iZYbGxFyKP602NlKcn8mKEJoH32am0fZwh.jpg 404
 ⨯ upstream image response failed for https://www.bookme.com.bd/admin/storage/properties/QmGSGWu7C7mKtYWOSutDZS9xZLPqh92bbROMe7iC.jpg 404
[Error: "url" parameter is valid but upstream response is invalid] {
  statusCode: 404
}
 ⨯ upstream image response failed for https://www.bookme.com.bd/admin/storage/property_images/2QLUuOvEOKEtFxJX7zsp9VjmyAqkdd557WKfDfEE.jpg 404
[Error: "url" parameter is valid but upstream response is invalid] {
  statusCode: 404
}
 ⨯ upstream image response failed for https://www.bookme.com.bd/admin/storage/property_images/2QLUuOvEOKEtFxJX7zsp9VjmyAqkdd557WKfDfEE.jpg 404
[Error: "url" parameter is valid but upstream response is invalid] {
  statusCode: 404
}
 ⨯ upstream image response failed for https://www.bookme.com.bd/admin/storage/properties/QmGSGWu7C7mKtYWOSutDZS9xZLPqh92bbROMe7iC.jpg 404
[Error: "url" parameter is valid but upstream response is invalid] {
  statusCode: 404
}
 ⨯ upstream image response failed for https://www.bookme.com.bd/admin/storage/properties/QmGSGWu7C7mKtYWOSutDZS9xZLPqh92bbROMe7iC.jpg 404
[Error: "url" parameter is valid but upstream response is invalid] {
  statusCode: 404
}
 ⨯ upstream image response failed for https://www.bookme.com.bd/admin/storage/properties/QmGSGWu7C7mKtYWOSutDZS9xZLPqh92bbROMe7iC.jpg 404
 ⨯ upstream image response failed for https://www.bookme.com.bd/admin/storage/properties/QmGSGWu7C7mKtYWOSutDZS9xZLPqh92bbROMe7iC.jpg 404
 ⨯ upstream image response failed for https://www.bookme.com.bd/admin/storage/property_images/2QLUuOvEOKEtFxJX7zsp9VjmyAqkdd557WKfDfEE.jpg 404
[Error: "url" parameter is valid but upstream response is invalid] {
  statusCode: 404
}
 ⨯ ReferenceError: window is not defined
    at tI (.next/server/app/Property/[id]/page.js:2:25518) {
  digest: '3959366262'
}
 ⨯ upstream image response failed for https://www.bookme.com.bd/admin/storage/properties/omsBY8iZYbGxFyKP602NlKcn8mKEJoH32am0fZwh.jpg 404
 ⨯ upstream image response failed for https://www.bookme.com.bd/admin/storage/properties/omsBY8iZYbGxFyKP602NlKcn8mKEJoH32am0fZwh.jpg 404
 ⨯ ReferenceError: window is not defined
    at tI (.next/server/app/Property/[id]/page.js:2:25518) {
  digest: '3959366262'
}
 ⨯ upstream image response failed for https://www.bookme.com.bd/admin/storage/property_images/2QLUuOvEOKEtFxJX7zsp9VjmyAqkdd557WKfDfEE.jpg 404
[Error: "url" parameter is valid but upstream response is invalid] {
  statusCode: 404
}
 ⨯ ReferenceError: window is not defined
    at tI (.next/server/app/Property/[id]/page.js:2:25518) {
  digest: '3959366262'
}
 ⨯ upstream image response failed for https://www.bookme.com.bd/admin/storage/properties/omsBY8iZYbGxFyKP602NlKcn8mKEJoH32am0fZwh.jpg 404
 ⨯ ReferenceError: window is not defined
    at tI (.next/server/app/Property/[id]/page.js:2:25518) {
  digest: '3959366262'
}
 ⨯ ReferenceError: window is not defined
    at tI (.next/server/app/Property/[id]/page.js:2:25518) {
  digest: '3959366262'
}
 ⨯ upstream image response failed for https://www.bookme.com.bd/admin/storage/properties/omsBY8iZYbGxFyKP602NlKcn8mKEJoH32am0fZwh.jpg 404
 ⨯ ReferenceError: window is not defined
    at tI (.next/server/app/Property/[id]/page.js:2:25518) {
  digest: '3959366262'
}
 ⨯ ReferenceError: window is not defined
    at tI (.next/server/app/Property/[id]/page.js:2:25518) {
  digest: '3959366262'
}
 ⨯ upstream image response failed for https://www.bookme.com.bd/admin/storage/properties/omsBY8iZYbGxFyKP602NlKcn8mKEJoH32am0fZwh.jpg 404
 ⨯ upstream image response failed for https://www.bookme.com.bd/admin/storage/properties/omsBY8iZYbGxFyKP602NlKcn8mKEJoH32am0fZwh.jpg 404
 ⨯ upstream image response failed for https://www.bookme.com.bd/admin/storage/properties/omsBY8iZYbGxFyKP602NlKcn8mKEJoH32am0fZwh.jpg 404
 ⨯ upstream image response failed for https://www.bookme.com.bd/admin/storage/property_images/2QLUuOvEOKEtFxJX7zsp9VjmyAqkdd557WKfDfEE.jpg 404
[Error: "url" parameter is valid but upstream response is invalid] {
  statusCode: 404
}
 ⨯ upstream image response failed for https://www.bookme.com.bd/admin/storage/property_images/2QLUuOvEOKEtFxJX7zsp9VjmyAqkdd557WKfDfEE.jpg 404
 ⨯ upstream image response failed for https://www.bookme.com.bd/admin/storage/property_images/2QLUuOvEOKEtFxJX7zsp9VjmyAqkdd557WKfDfEE.jpg 404
[Error: "url" parameter is valid but upstream response is invalid] {
  statusCode: 404
}
 ⨯ upstream image response failed for https://www.bookme.com.bd/admin/storage/property_images/2QLUuOvEOKEtFxJX7zsp9VjmyAqkdd557WKfDfEE.jpg 404
 ⨯ ReferenceError: window is not defined
    at tI (.next/server/app/Property/[id]/page.js:2:25518) {
  digest: '3959366262'
}
 ⨯ upstream image response failed for https://www.bookme.com.bd/admin/storage/properties/omsBY8iZYbGxFyKP602NlKcn8mKEJoH32am0fZwh.jpg 404
 ⨯ ReferenceError: window is not defined
    at tI (.next/server/app/Property/[id]/page.js:2:25518) {
  digest: '3959366262'
}
 ⨯ ReferenceError: window is not defined
    at tI (.next/server/app/Property/[id]/page.js:2:25518) {
  digest: '3959366262'
}
 ⨯ ReferenceError: window is not defined
    at tI (.next/server/app/Property/[id]/page.js:2:25518) {
  digest: '3959366262'
}
 ⨯ upstream image response failed for https://www.bookme.com.bd/admin/storage/properties/omsBY8iZYbGxFyKP602NlKcn8mKEJoH32am0fZwh.jpg 404
 ⨯ upstream image response failed for https://www.bookme.com.bd/admin/storage/properties/omsBY8iZYbGxFyKP602NlKcn8mKEJoH32am0fZwh.jpg 404
 ⨯ ReferenceError: window is not defined
    at tI (.next/server/app/Property/[id]/page.js:2:25518) {
  digest: '3959366262'
}
 ⨯ upstream image response failed for https://www.bookme.com.bd/admin/storage/properties/omsBY8iZYbGxFyKP602NlKcn8mKEJoH32am0fZwh.jpg 404
 ⨯ upstream image response failed for https://www.bookme.com.bd/admin/storage/property_images/m2yn7Q6xLkx1vSX1i7NknbbfPiPAuN8zfXP2XZMI.jpg 404
 ⨯ upstream image response failed for https://www.bookme.com.bd/admin/storage/property_images/m2yn7Q6xLkx1vSX1i7NknbbfPiPAuN8zfXP2XZMI.jpg 404
 ⨯ upstream image response failed for https://www.bookme.com.bd/admin/storage/property_images/m2yn7Q6xLkx1vSX1i7NknbbfPiPAuN8zfXP2XZMI.jpg 404
 ⨯ upstream image response failed for https://www.bookme.com.bd/admin/storage/property_images/2QLUuOvEOKEtFxJX7zsp9VjmyAqkdd557WKfDfEE.jpg 404
[Error: "url" parameter is valid but upstream response is invalid] {
  statusCode: 404
}
 ⨯ ReferenceError: window is not defined
    at tI (.next/server/app/Property/[id]/page.js:2:25518) {
  digest: '3959366262'
}
 ⨯ ReferenceError: window is not defined
    at tI (.next/server/app/Property/[id]/page.js:2:25518) {
  digest: '3959366262'
}
 ⨯ upstream image response failed for https://www.bookme.com.bd/admin/storage/property_images/2QLUuOvEOKEtFxJX7zsp9VjmyAqkdd557WKfDfEE.jpg 404
[Error: "url" parameter is valid but upstream response is invalid] {
  statusCode: 404
}
 ⨯ ReferenceError: window is not defined
    at tI (.next/server/app/Property/[id]/page.js:2:25518) {
  digest: '3959366262'
}
 ⨯ upstream image response failed for https://www.bookme.com.bd/admin/storage/property_images/2QLUuOvEOKEtFxJX7zsp9VjmyAqkdd557WKfDfEE.jpg 404
[Error: "url" parameter is valid but upstream response is invalid] {
  statusCode: 404
}
 ⨯ upstream image response failed for https://www.bookme.com.bd/admin/storage/property_images/2QLUuOvEOKEtFxJX7zsp9VjmyAqkdd557WKfDfEE.jpg 404
[Error: "url" parameter is valid but upstream response is invalid] {
  statusCode: 404
}
 ⨯ upstream image response failed for https://www.bookme.com.bd/admin/storage/property_images/2QLUuOvEOKEtFxJX7zsp9VjmyAqkdd557WKfDfEE.jpg 404
[Error: "url" parameter is valid but upstream response is invalid] {
  statusCode: 404
}
 ⨯ ReferenceError: window is not defined
    at tI (.next/server/app/Property/[id]/page.js:2:25518) {
  digest: '3959366262'
}
 ⨯ upstream image response failed for https://www.bookme.com.bd/admin/storage/property_images/2QLUuOvEOKEtFxJX7zsp9VjmyAqkdd557WKfDfEE.jpg 404
[Error: "url" parameter is valid but upstream response is invalid] {
  statusCode: 404
}
 ⨯ ReferenceError: window is not defined
    at tI (.next/server/app/Property/[id]/page.js:2:25518) {
  digest: '3959366262'
}
 ⨯ ReferenceError: window is not defined
    at tI (.next/server/app/Property/[id]/page.js:2:25518) {
  digest: '3959366262'
}
 ⨯ upstream image response failed for https://www.bookme.com.bd/admin/storage/property_images/2QLUuOvEOKEtFxJX7zsp9VjmyAqkdd557WKfDfEE.jpg 404
[Error: "url" parameter is valid but upstream response is invalid] {
  statusCode: 404
}
 ⨯ ReferenceError: window is not defined
    at tI (.next/server/app/Property/[id]/page.js:2:25518) {
  digest: '3959366262'
}
 ⨯ ReferenceError: window is not defined
    at tI (.next/server/app/Property/[id]/page.js:2:25518) {
  digest: '3959366262'
}
 ⨯ ReferenceError: window is not defined
    at tI (.next/server/app/Property/[id]/page.js:2:25518) {
  digest: '3959366262'
}
 ⨯ ReferenceError: window is not defined
    at tI (.next/server/app/Property/[id]/page.js:2:25518) {
  digest: '3959366262'
}
 ⨯ ReferenceError: window is not defined
    at tI (.next/server/app/Property/[id]/page.js:2:25518) {
  digest: '3959366262'
}
 ⨯ upstream image response failed for https://www.bookme.com.bd/admin/storage/property_images/2QLUuOvEOKEtFxJX7zsp9VjmyAqkdd557WKfDfEE.jpg 404
 ⨯ ReferenceError: window is not defined
    at tI (.next/server/app/Property/[id]/page.js:2:25518) {
  digest: '3959366262'
}
 ⨯ upstream image response failed for https://www.bookme.com.bd/admin/storage/property_images/2QLUuOvEOKEtFxJX7zsp9VjmyAqkdd557WKfDfEE.jpg 404
 ⨯ upstream image response failed for https://www.bookme.com.bd/admin/storage/properties/omsBY8iZYbGxFyKP602NlKcn8mKEJoH32am0fZwh.jpg 404
 ⨯ upstream image response failed for https://www.bookme.com.bd/admin/storage/property_images/2QLUuOvEOKEtFxJX7zsp9VjmyAqkdd557WKfDfEE.jpg 404
 ⨯ upstream image response failed for https://www.bookme.com.bd/admin/storage/property_images/2QLUuOvEOKEtFxJX7zsp9VjmyAqkdd557WKfDfEE.jpg 404
 ⨯ upstream image response failed for https://www.bookme.com.bd/admin/storage/property_images/2QLUuOvEOKEtFxJX7zsp9VjmyAqkdd557WKfDfEE.jpg 404
[Error: "url" parameter is valid but upstream response is invalid] {
  statusCode: 404
}
 ⨯ ReferenceError: window is not defined
    at tI (.next/server/app/Property/[id]/page.js:2:25518) {
  digest: '3959366262'
}
 ⨯ ReferenceError: window is not defined
    at tI (.next/server/app/Property/[id]/page.js:2:25518) {
  digest: '3959366262'
}
 ⨯ ReferenceError: window is not defined
    at tI (.next/server/app/Property/[id]/page.js:2:25518) {
  digest: '3959366262'
}
 ⨯ ReferenceError: window is not defined
    at tI (.next/server/app/Property/[id]/page.js:2:25518) {
  digest: '3959366262'
}
 ⨯ ReferenceError: window is not defined
    at tI (.next/server/app/Property/[id]/page.js:2:25518) {
  digest: '3959366262'
}
 ⨯ ReferenceError: window is not defined
    at tI (.next/server/app/Property/[id]/page.js:2:25518) {
  digest: '3959366262'
}
 ⨯ ReferenceError: window is not defined
    at tI (.next/server/app/Property/[id]/page.js:2:25518) {
  digest: '3959366262'
}
 ⨯ ReferenceError: window is not defined
    at tI (.next/server/app/Property/[id]/page.js:2:25518) {
  digest: '3959366262'
}
 ⨯ ReferenceError: window is not defined
    at tI (.next/server/app/Property/[id]/page.js:2:25518) {
  digest: '3959366262'
}
 ⨯ ReferenceError: window is not defined
    at tI (.next/server/app/Property/[id]/page.js:2:25518) {
  digest: '3959366262'
}
 ⨯ ReferenceError: window is not defined
    at tI (.next/server/app/Property/[id]/page.js:2:25518) {
  digest: '3959366262'
}
 ⨯ ReferenceError: window is not defined
    at tI (.next/server/app/Property/[id]/page.js:2:25518) {
  digest: '3959366262'
}
 ⨯ ReferenceError: window is not defined
    at tI (.next/server/app/Property/[id]/page.js:2:25518) {
  digest: '3959366262'
}
 ⨯ ReferenceError: window is not defined
    at tI (.next/server/app/Property/[id]/page.js:2:25518) {
  digest: '3959366262'
}
 ⨯ ReferenceError: window is not defined
    at tI (.next/server/app/Property/[id]/page.js:2:25518) {
  digest: '3959366262'
}
 ⨯ ReferenceError: window is not defined
    at tI (.next/server/app/Property/[id]/page.js:2:25518) {
  digest: '3959366262'
}
 ⨯ ReferenceError: window is not defined
    at tI (.next/server/app/Property/[id]/page.js:2:25518) {
  digest: '3959366262'
}
 ⨯ ReferenceError: window is not defined
    at tI (.next/server/app/Property/[id]/page.js:2:25518) {
  digest: '3959366262'
}
 ⨯ upstream image response failed for https://www.bookme.com.bd/admin/storage/property_images/2QLUuOvEOKEtFxJX7zsp9VjmyAqkdd557WKfDfEE.jpg 404
[Error: "url" parameter is valid but upstream response is invalid] {
  statusCode: 404
}
 ⨯ ReferenceError: window is not defined
    at tI (.next/server/app/Property/[id]/page.js:2:25518) {
  digest: '3959366262'
}
 ⨯ upstream image response failed for https://www.bookme.com.bd/admin/storage/property_images/2QLUuOvEOKEtFxJX7zsp9VjmyAqkdd557WKfDfEE.jpg 404
[Error: "url" parameter is valid but upstream response is invalid] {
  statusCode: 404
}
 ⨯ upstream image response failed for https://www.bookme.com.bd/admin/storage/property_images/2QLUuOvEOKEtFxJX7zsp9VjmyAqkdd557WKfDfEE.jpg 404
[Error: "url" parameter is valid but upstream response is invalid] {
  statusCode: 404
}
 ⨯ ReferenceError: window is not defined
    at tI (.next/server/app/Property/[id]/page.js:2:25518) {
  digest: '3959366262'
}
 ⨯ upstream image response failed for https://www.bookme.com.bd/admin/storage/property_images/2QLUuOvEOKEtFxJX7zsp9VjmyAqkdd557WKfDfEE.jpg 404
[Error: "url" parameter is valid but upstream response is invalid] {
  statusCode: 404
}
 ⨯ ReferenceError: window is not defined
    at tI (.next/server/app/Property/[id]/page.js:2:25518) {
  digest: '3959366262'
}
 ⨯ upstream image response failed for https://www.bookme.com.bd/admin/storage/property_images/2QLUuOvEOKEtFxJX7zsp9VjmyAqkdd557WKfDfEE.jpg 404
[Error: "url" parameter is valid but upstream response is invalid] {
  statusCode: 404
}
 ⨯ ReferenceError: window is not defined
    at tI (.next/server/app/Property/[id]/page.js:2:25518) {
  digest: '3959366262'
}
 ⨯ upstream image response failed for https://www.bookme.com.bd/admin/storage/property_images/2QLUuOvEOKEtFxJX7zsp9VjmyAqkdd557WKfDfEE.jpg 404
[Error: "url" parameter is valid but upstream response is invalid] {
  statusCode: 404
}
 ⨯ upstream image response failed for https://www.bookme.com.bd/admin/storage/properties/omsBY8iZYbGxFyKP602NlKcn8mKEJoH32am0fZwh.jpg 404
 ⨯ upstream image response failed for https://www.bookme.com.bd/admin/storage/properties/omsBY8iZYbGxFyKP602NlKcn8mKEJoH32am0fZwh.jpg 404
 ⨯ upstream image response failed for https://www.bookme.com.bd/admin/storage/properties/omsBY8iZYbGxFyKP602NlKcn8mKEJoH32am0fZwh.jpg 404
 ⚠ The "images.domains" configuration is deprecated. Please use "images.remotePatterns" configuration instead.
 ⨯ ReferenceError: window is not defined
    at tI (.next/server/app/Property/[id]/page.js:2:25518) {
  digest: '3959366262'
}
 ⨯ ReferenceError: window is not defined
    at tI (.next/server/app/Property/[id]/page.js:2:25518) {
  digest: '3959366262'
}
 ⨯ ReferenceError: window is not defined
    at tI (.next/server/app/Property/[id]/page.js:2:25518) {
  digest: '3959366262'
}
 ⨯ upstream image response failed for https://www.bookme.com.bd/admin/storage/properties/omsBY8iZYbGxFyKP602NlKcn8mKEJoH32am0fZwh.jpg 404
 ⨯ upstream image response failed for https://www.bookme.com.bd/admin/storage/properties/omsBY8iZYbGxFyKP602NlKcn8mKEJoH32am0fZwh.jpg 404
 ⨯ upstream image response failed for https://www.bookme.com.bd/admin/storage/property_images/2QLUuOvEOKEtFxJX7zsp9VjmyAqkdd557WKfDfEE.jpg 404
[Error: "url" parameter is valid but upstream response is invalid] {
  statusCode: 404
}
 ⚠ The "images.domains" configuration is deprecated. Please use "images.remotePatterns" configuration instead.
 ⨯ upstream image response failed for https://www.bookme.com.bd/admin/storage/properties/omsBY8iZYbGxFyKP602NlKcn8mKEJoH32am0fZwh.jpg 404
 ⨯ upstream image response failed for https://www.bookme.com.bd/admin/storage/properties/omsBY8iZYbGxFyKP602NlKcn8mKEJoH32am0fZwh.jpg 404
 ⨯ upstream image response failed for https://www.bookme.com.bd/admin/storage/properties/omsBY8iZYbGxFyKP602NlKcn8mKEJoH32am0fZwh.jpg 404
 ⨯ upstream image response failed for https://www.bookme.com.bd/admin/storage/properties/omsBY8iZYbGxFyKP602NlKcn8mKEJoH32am0fZwh.jpg 404
 ⨯ upstream image response failed for https://www.bookme.com.bd/admin/storage/properties/omsBY8iZYbGxFyKP602NlKcn8mKEJoH32am0fZwh.jpg 404
 ⨯ upstream image response failed for https://www.bookme.com.bd/admin/storage/properties/omsBY8iZYbGxFyKP602NlKcn8mKEJoH32am0fZwh.jpg 404
 ⨯ ReferenceError: window is not defined
    at tI (.next/server/app/Property/[id]/page.js:2:25518) {
  digest: '3959366262'
}
